<?xml version="1.0" encoding="UTF-8"?>
<testng-results skipped="0" failed="0" ignored="0" total="1" passed="1">
  <reporter-output>
  </reporter-output>
  <suite name="Surefire suite" duration-ms="6928" started-at="2021-05-26T14:25:51 EDT" finished-at="2021-05-26T14:25:58 EDT">
    <groups>
    </groups>
    <test name="Surefire test" duration-ms="6928" started-at="2021-05-26T14:25:51 EDT" finished-at="2021-05-26T14:25:58 EDT">
      <class name="testpage.aboutUsTests">
        <test-method status="PASS" signature="getUrl()[pri:0, instance:testpage.aboutUsTests@4f7d0008]" name="getUrl" duration-ms="6814" started-at="2021-05-26T14:25:51 EDT" finished-at="2021-05-26T14:25:58 EDT">
          <reporter-output>
          </reporter-output>
        </test-method> <!-- getUrl -->
      </class> <!-- testpage.aboutUsTests -->
    </test> <!-- Surefire test -->
  </suite> <!-- Surefire suite -->
</testng-results>
